<?xml version="1.0" encoding="UTF-8"?>
<robot generator="Robot 7.1.1 (Python 3.10.7 on win32)" generated="2025-01-28T23:36:09.378717" rpa="false" schemaversion="5">
<suite id="s1" name="UAT Lab7 001 &amp; UAT Lab7 002">
<suite id="s1-s1" name="UAT Lab7 001" source="C:\Users\bibibrown\OneDrive\Desktop\Lab7_soften\UAT_Lab7_001.robot">
<test id="s1-s1-t1" name="Open Form" line="6">
<kw name="Open Browser To Form Page">
<msg time="2025-01-28T23:36:09.439403" level="FAIL">No keyword with name 'Open Browser To Form Page' found.</msg>
<status status="FAIL" start="2025-01-28T23:36:09.439403" elapsed="0.000000">No keyword with name 'Open Browser To Form Page' found.</status>
</kw>
<status status="FAIL" start="2025-01-28T23:36:09.435271" elapsed="0.005347">No keyword with name 'Open Browser To Form Page' found.</status>
</test>
<test id="s1-s1-t2" name="Complete Form" line="9">
<kw name="Open Browser To Form Page">
<msg time="2025-01-28T23:36:09.443766" level="FAIL">No keyword with name 'Open Browser To Form Page' found.</msg>
<status status="FAIL" start="2025-01-28T23:36:09.443766" elapsed="0.000000">No keyword with name 'Open Browser To Form Page' found.</status>
</kw>
<kw name="Input Firstname">
<arg>Somsong</arg>
<status status="NOT RUN" start="2025-01-28T23:36:09.444770" elapsed="0.000000"/>
</kw>
<kw name="Input Lastname">
<arg>Sandee</arg>
<status status="NOT RUN" start="2025-01-28T23:36:09.444770" elapsed="0.000000"/>
</kw>
<kw name="Input Destination">
<arg>Europe</arg>
<status status="NOT RUN" start="2025-01-28T23:36:09.444770" elapsed="0.001576"/>
</kw>
<kw name="Input Contactperson">
<arg>Sodsai Sandee</arg>
<status status="NOT RUN" start="2025-01-28T23:36:09.446346" elapsed="0.000000"/>
</kw>
<kw name="Input Relationship">
<arg>Mother</arg>
<status status="NOT RUN" start="2025-01-28T23:36:09.447300" elapsed="0.000000"/>
</kw>
<kw name="Input Email">
<arg>somsong@kkumail.com</arg>
<status status="NOT RUN" start="2025-01-28T23:36:09.447300" elapsed="0.000000"/>
</kw>
<kw name="Input Phone">
<arg>081-111-1234</arg>
<status status="NOT RUN" start="2025-01-28T23:36:09.448311" elapsed="0.000000"/>
</kw>
<kw name="Submit Credentials">
<status status="NOT RUN" start="2025-01-28T23:36:09.448311" elapsed="0.000000"/>
</kw>
<kw name="Complete Page Should Be Open">
<status status="NOT RUN" start="2025-01-28T23:36:09.448311" elapsed="0.000000"/>
</kw>
<kw name="Close Browser" type="TEARDOWN">
<msg time="2025-01-28T23:36:09.450314" level="FAIL">No keyword with name 'Close Browser' found.</msg>
<status status="FAIL" start="2025-01-28T23:36:09.450314" elapsed="0.000000">No keyword with name 'Close Browser' found.</status>
</kw>
<status status="FAIL" start="2025-01-28T23:36:09.441744" elapsed="0.009566">No keyword with name 'Open Browser To Form Page' found.

Also teardown failed:
No keyword with name 'Close Browser' found.</status>
</test>
<status status="FAIL" start="2025-01-28T23:36:09.428778" elapsed="0.023546"/>
</suite>
<suite id="s1-s2" name="UAT Lab7 002" source="C:\Users\bibibrown\OneDrive\Desktop\Lab7_soften\UAT_Lab7_002.robot">
<kw name="Open Browser To Form Page" type="SETUP">
<msg time="2025-01-28T23:36:09.460303" level="FAIL">No keyword with name 'Open Browser To Form Page' found.</msg>
<status status="FAIL" start="2025-01-28T23:36:09.460303" elapsed="0.000000">No keyword with name 'Open Browser To Form Page' found.</status>
</kw>
<test id="s1-s2-t1" name="Empty Destination" line="10">
<status status="FAIL" start="2025-01-28T23:36:09.460303" elapsed="0.001010">Parent suite setup failed:
No keyword with name 'Open Browser To Form Page' found.</status>
</test>
<test id="s1-s2-t2" name="Empty Email" line="11">
<status status="FAIL" start="2025-01-28T23:36:09.462343" elapsed="0.001377">Parent suite setup failed:
No keyword with name 'Open Browser To Form Page' found.</status>
</test>
<test id="s1-s2-t3" name="Invalid Email" line="12">
<status status="FAIL" start="2025-01-28T23:36:09.464828" elapsed="0.000514">Parent suite setup failed:
No keyword with name 'Open Browser To Form Page' found.</status>
</test>
<test id="s1-s2-t4" name="Empty Phone" line="13">
<status status="FAIL" start="2025-01-28T23:36:09.466552" elapsed="0.000513">Parent suite setup failed:
No keyword with name 'Open Browser To Form Page' found.</status>
</test>
<test id="s1-s2-t5" name="Invalid Phone" line="14">
<status status="FAIL" start="2025-01-28T23:36:09.468176" elapsed="0.001122">Parent suite setup failed:
No keyword with name 'Open Browser To Form Page' found.</status>
</test>
<kw name="Close Browser" type="TEARDOWN">
<msg time="2025-01-28T23:36:09.472135" level="FAIL">No keyword with name 'Close Browser' found.</msg>
<status status="FAIL" start="2025-01-28T23:36:09.472135" elapsed="0.000000">No keyword with name 'Close Browser' found.</status>
</kw>
<status status="FAIL" start="2025-01-28T23:36:09.453340" elapsed="0.018795">Suite setup failed:
No keyword with name 'Open Browser To Form Page' found.

Also suite teardown failed:
No keyword with name 'Close Browser' found.</status>
</suite>
<status status="FAIL" start="2025-01-28T23:36:09.382840" elapsed="0.092147"/>
</suite>
<statistics>
<total>
<stat pass="0" fail="7" skip="0">All Tests</stat>
</total>
<tag>
</tag>
<suite>
<stat pass="0" fail="7" skip="0" id="s1" name="UAT Lab7 001 &amp; UAT Lab7 002">UAT Lab7 001 &amp; UAT Lab7 002</stat>
<stat pass="0" fail="2" skip="0" id="s1-s1" name="UAT Lab7 001">UAT Lab7 001 &amp; UAT Lab7 002.UAT Lab7 001</stat>
<stat pass="0" fail="5" skip="0" id="s1-s2" name="UAT Lab7 002">UAT Lab7 001 &amp; UAT Lab7 002.UAT Lab7 002</stat>
</suite>
</statistics>
<errors>
<msg time="2025-01-28T23:36:09.433270" level="ERROR">Error in file 'C:\Users\bibibrown\OneDrive\Desktop\Lab7_soften\UAT_Lab7_001.robot' on line 2: Resource file 'resource.robot' does not exist.</msg>
<msg time="2025-01-28T23:36:09.457546" level="ERROR">Error in file 'C:\Users\bibibrown\OneDrive\Desktop\Lab7_soften\UAT_Lab7_002.robot' on line 6: Resource file 'resource.robot' does not exist.</msg>
</errors>
</robot>
